googlevideo.com
ggpht.com
ytimg.com
youtube.com
play.google.com
youtu.be
googleapis.com
googleusercontent.com
gstatic.com
l.google.com
openwrt.org
x.com
twitter.com
ads-twitter.com
api.twitter.com
platform.twitter.com
tweetdeck.com
twimg.com
twirpx.com
twitpic.com
twitter.biz
twitter.com
twitter.jp
twittercommunity.com
twitterflightschool.com
twitterinc.com
twitteroauth.com
twitterstat.us
twtrdns.net
twttr.com
twttr.net
twvid.com
www.instagram.com
i-fallback.instagram.com
i.instagram.com
cdninstagram.com
gateway.instagram.com
graph.instagram.com
instagram.com
instagram.fhrk1-1.fna.fbcdn.net
instagram.fkun2-1.fna.fbcdn.net
instagram.frix7-1.fna.fbcdn.net
instagram.fvno2-1.fna.fbcdn.net
scontent-ams2-1.cdninstagram.com
scontent-ams4-1.cdninstagram.com
scontent.cdninstagram.com
static.cdninstagram.com
z-p42-instagram.c10r.instagram.com
roblox-api.arkoselabs.com
cdn.arkoselabs.com
1.ra.roblox.com
208_185_116_57.ra.roblox.com
64_124_125_40.sm.roblox.com
accountinformation.roblox.com
accountsettings.roblox.com
admin.api.roblox.com
advertise.roblox.com
advertise.sitetest1.robloxlabs.com
advertise.sitetest2.robloxlabs.com
advertise.sitetest3.robloxlabs.com
affiliates.roblox.com
altdevforum.roblox.com
analytics.roblox.com
andrewwan-awa-3.sitetest3.robloxlabs.com
anticheat.roblox.com
api.gametest1.roblox.com
api.gametest2.roblox.com
api.gametest3.roblox.com
api.gametest4.roblox.com
api.gametest5.roblox.com
api.roblox.com
api.robloxengine.com
api.sitetest1.roblox.com
api.sitetest1.robloxlabs.com
api.sitetest2.roblox.com
api.sitetest2.robloxlabs.com
api.sitetest3.roblox.com
api.sitetest3.robloxlabs.com
api.sitetest4.roblox.com
api.sitetest4.robloxlabs.com
apis.rbxcdn.com
apis.roblox.com
app10.sm.roblox.com
app137.roblox.com
app138.chi1.roblox.com
app141.rp.roblox.com
app146.chi1.roblox.com
app150.rp.roblox.com
app152.roblox.com
app156.chi1.roblox.com
app164.chi1.roblox.com
app165.rp.roblox.com
app168.rp.roblox.com
app170.rp.roblox.com
app172.chi1.roblox.com
app174.rp.roblox.com
app185.rp.roblox.com
app210.roblox.com
app232.chi1.roblox.com
app246.chi1.roblox.com
app249.chi1.roblox.com
app266.chi1.roblox.com
app267.roblox.com
app269.chi1.roblox.com
app273.chi1.roblox.com
app28.roblox.com
app4.rp.roblox.com
app4.sm.roblox.com
app41.rp.roblox.com
app45.rp.roblox.com
app49.chi1.roblox.com
app55.ra.roblox.com
app6.rp.roblox.com
app60.chi1.roblox.com
app63.rp.roblox.com
app68.chi1.roblox.com
app68.rp.roblox.com
app7.rp.roblox.com
app72.chi1.roblox.com
app76.chi1.roblox.com
app78.chi1.roblox.com
app86.chi1.roblox.com
app87.roblox.com
app96.chi1.roblox.com
arkoselabs.com
arkoselabs.roblox.com
ash1-catalog.roblox.com
ash1-chat.roblox.com
ash1-clientsettings.api.roblox.com
ash1-durablecounters.api.roblox.com
ash1-economy.roblox.com
ash1-ephemeralcounters.roblox.com
ash1-gamepersistence.api.roblox.com
ash1-gamesearch.roblox.com
ash1-identities.api.roblox.com
ash1-translationstorage.api.roblox.com
ash1.statping.aws.robloxlabs.com
assessment.at.robloxlabs.com
assetdelivery-split.roblox.com
assetdelivery.roblox.com
assetgame.roblox.com
assets.create.roblox.com
assets.create.sitetest1.robloxlabs.com
assets.create.sitetest2.robloxlabs.com
assets.create.sitetest3.robloxlabs.com
auth.roblox.com
auth.staging.roblox.com
authorize.roblox.com
authorize.sitetest1.robloxlabs.com
authorize.sitetest2.robloxlabs.com
authorize.sitetest3.robloxlabs.com
autolocalization-demo.sitetest1.robloxlabs.com
autolocalization-demo.sitetest3.robloxlabs.com
avatar.roblox.com
awsvpn.roblox.com
badges.roblox.com
barista-example.roblox.com
barista-example.sitetest1.robloxlabs.com
barista-example.sitetest3.robloxlabs.com
barista.roblox.com
barista.sitetest1.robloxlabs.com
barista.sitetest3.robloxlabs.com
bd2.roblox.com
beta.foundation.roblox.com
bf1.roblox.com
billing.roblox.com
blahblahblahblah.roblox.com
blog.roblox.com
blox.com
bloxcon.roblox.com
bom1-128-116-104-4.roblox.com
brands.roblox.com
bronze.roblox.com
c0.rbxcdn.com
c0ak.roblox.com
c1.rbxcdn.com
c1.roblox.com
c1ak.rbxcdn.com
c1ak.roblox.com
c2.rbxcdn.com
c2ak.roblox.com
c3.rbxcdn.com
c3ak.roblox.com
c4.rbxcdn.com
c4ak.roblox.com
c5.rbxcdn.com
c5ak.roblox.com
c6.rbxcdn.com
c6ak.roblox.com
c7.rbxcdn.com
c7ak.roblox.com
candidate-portal.sitetest1.robloxlabs.com
candidate-portal.sitetest3.robloxlabs.com
candidate.sitetest1.robloxlabs.com
candidate.sitetest3.robloxlabs.com
careers.roblox.com
catalog.roblox.com
cdn.aws.robloxlabs.com
cdn.foundation.roblox.com
cdn.foundation.sitetest1.robloxlabs.com
cdn.foundation.sitetest3.robloxlabs.com
cdn.rbxgame.com
cdn.srr-sandbox.sitetest3.robloxlabs.com
cdn.ssr-sandbox.sitetest3.robloxlabs.com
chat.roblox.com
chi1.statping.aws.robloxlabs.com
chi1traffic.statping.aws.robloxlabs.com
ci.api.roblox.com
cilentsettingscdn.roblox.com
civility.roblox.com
client-telemetry.roblox.com
client.roblox.com
clientsettings.api.gametest6.roblox.com
clientsettings.api.roblox.com
clientsettings.roblox.com
clientsettingscdn.roblox.com
clientsettingscdn.sitetest1.robloxlabs.com
clientsettingscdn.sitetest2.robloxlabs.com
clientsettingscdn.sitetest3.robloxlabs.com
clientsettinngscdn.roblox.com
clintsettings.roblox.com
cms-media.roblox.com
cn.vpn.roblox.com
com.api.roblox.com
commerce-frontend.sitetest1.robloxlabs.com
commerce-frontend.sitetest3.robloxlabs.com
commerce-tmp.sitetest1.robloxlabs.com
commerce-tmp.sitetest3.robloxlabs.com
configuration.roblox.com
confluence.roblox.com
consultants.roblox.com
contacts.roblox.com
contentstore.roblox.com
corescripts.roblox.com
corp.roblox.com
corporate.roblox.com
create.roblox.com
create.sitetest1.robloxlabs.com
create.sitetest2.robloxlabs.com
create.sitetest3.robloxlabs.com
creator.roblox.com
creator.sitetest1.robloxlabs.com
creatorforum.roblox.com
css.rbxcdn.com
cssak.roblox.com
cube.roblox.com
cvs.roblox.com
cxs-setup.roblox.com
cxs.roblox.com
d1unuk07s6td74.cloudfront.net
data.roblox.com
datagrail.roblox.com
datagrail.robloxlabs.com
db11.chi1.roblox.com
db121.chi1.roblox.com
db124.chi1.roblox.com
db142.roblox.com
db17.chi1.roblox.com
db21.chi1.roblox.com
db27.roblox.com
db3.roblox.com
db38.ash1.roblox.com
db44.ash1.roblox.com
db44.roblox.com
db45.chi1.roblox.com
db45.roblox.com
db65.rp.roblox.com
db68.ash1.roblox.com
db84.rp.roblox.com
db86.roblox.com
db88.ash1.roblox.com
db88.chi1.roblox.com
db91.roblox.com
db92.rp.roblox.com
de-cix.br2.roblox.com
de.roblox.com
demo.ra.roblox.com
demo.statping.aws.robloxlabs.com
deploy.roblox.com
deploy.staging.roblox.com
dev-altdevforum.roblox.com
dev.ra.roblox.com
develop.roblox.com
developer.roblox.com
developers.roblox.com
devforum-development.robloxlabs.com
devforum-staging.robloxlabs.com
devforum.roblox.com
devforum.sitetest1.robloxlabs.com
devforum.sitetest3.robloxlabs.com
devrel.roblox.com
dfw2-128-116-95-3.roblox.com
di-rbx.com
diag.roblox.com
docs-cdn.roblox.com
docs-cdn.sitetest1.robloxlabs.com
docs-cdn.sitetest3.robloxlabs.com
docsite.roblox.com
docsiteassets.roblox.com
economy.roblox.com
ecosystem.sitetest1.robloxlabs.com
ecosystemapi.sitetest1.robloxlabs.com
ecsv2.roblox.com
edge-term-ams2.roblox.com
edge-term-syd1.roblox.com
edge-term4-atl1.roblox.com
edge-term4-bom1.roblox.com
edge-term4-cdg2.roblox.com
edge-term4-dfw2.roblox.com
edge-term4-fra4.roblox.com
edge-term4-iad4.roblox.com
edge-term4-lax2.roblox.com
edge-term4-lax4.roblox.com
edge-term4-lga2.roblox.com
edge-term4-lhr2.roblox.com
edge-term4-mia2.roblox.com
edge-term4-mia4.roblox.com
edge-term4-ord2.roblox.com
edge-term4-sea1.roblox.com
edge-term4-sin2.roblox.com
edge-term4-sin4.roblox.com
edge-term4.roblox.com
education.roblox.com
education.sitetest1.robloxlabs.com
education.sitetest3.robloxlabs.com
email.marketing.roblox.com
email.recruiting.roblox.com
en.help.roblox.com
engagement.roblox.com
ephemeralcounters-split.api.roblox.com
ephemeralcounters.api.gametest6.roblox.com
ephemeralcounters.api.roblox.com
ephemeralcounters.roblox.com
es.roblox.com
events.roblox.com
file31.roblox.com
file7.ra.roblox.com
followings.roblox.com
fonts.roblox.com
forum-ui.sitetest1.robloxlabs.com
foundation.roblox.com
fr.ash1.roblox.com
fr.help.roblox.com
fr.roblox.com
fra1-128-116-123-3.roblox.com
fra4-128-116-44-3.roblox.com
friends.roblox.com
game.roblox.com
gameinternationalization.roblox.com
gamejoin.roblox.com
gamepersistence.roblox.com
games.api.roblox.com
games.roblox.com
gamescdn.roblox.com
gametest.roblox.com
gametest1.roblox.com
gametest2.roblox.com
gametest3.roblox.com
gametest4.roblox.com
gametest5.roblox.com
glb-game.roblox.com
glb.roblox.com
glb1.roblox.com
glb2.roblox.com
glb3.roblox.com
goblocks.com
goblox.com
gold.roblox.com
golden.roblox.com
gooblox.com
graph.roblox.com
groups.roblox.com
groupsmoderation.roblox.com
hackwww.roblox.com
help.roblox.com
hls-segments.rbxcdn.com
humancoexperience.com
hwww.roblox.com
icons.foundation.roblox.com
identities.roblox.com
images.rbxcdn.com
imagesak.roblox.com
influencers.roblox.com
inventory.roblox.com
ip-10-0-188-142.vx41.chi1.roblox.com
ipgrabberdoxxerbomberwww.roblox.com
ir.roblox.com
ir2.roblox.com
itemconfiguration.roblox.com
jira.roblox.com
job.roblox.com
jobs.roblox.com
js.rbxcdn.com
js.roblox.com
jsak.roblox.com
kunden.rp.roblox.com
lapp108.p1t.roblox.com
lapp109.chi1.roblox.com
lapp111.p1t.roblox.com
lapp118.p1t.roblox.com
lapp123.chi1.roblox.com
lapp123.roblox.com
lapp134.p1t.roblox.com
lapp135.p1t.roblox.com
lapp148.chi1.roblox.com
lapp15.chi1.roblox.com
lapp163.roblox.com
lapp165.chi1.roblox.com
lapp169.roblox.com
lapp194.rp.roblox.com
lapp202.chi1.roblox.com
lapp220.roblox.com
lapp238.ra.roblox.com
lapp240.ra.roblox.com
lapp246.chi1.roblox.com
lapp256.rp.roblox.com
lapp269.rp.roblox.com
lapp272.ra.roblox.com
lapp277.chi1.roblox.com
lapp283.chi1.roblox.com
lapp286.roblox.com
lapp291.roblox.com
lapp304.ra.roblox.com
lapp315.rp.roblox.com
lapp321.ra.roblox.com
lapp333.roblox.com
lapp334.rp.roblox.com
lapp342.rp.roblox.com
lapp346.ra.roblox.com
lapp361.rp.roblox.com
lapp362.roblox.com
lapp382.roblox.com
lapp389.rp.roblox.com
lapp399.ra.roblox.com
lapp4.roblox.com
lapp405.rp.roblox.com
lapp412.roblox.com
lapp414.rp.roblox.com
lapp426.roblox.com
lapp431.chi1.roblox.com
lapp432.chi1.roblox.com
lapp436.chi1.roblox.com
lapp439.ra.roblox.com
lapp442.chi1.roblox.com
lapp445.rp.roblox.com
lapp452.ra.roblox.com
lapp460.db119-ra.roblox.com
lapp463.rp.roblox.com
lapp477.chi1.roblox.com
lapp479.chi1.roblox.com
lapp482.ra.roblox.com
lapp49.chi1.roblox.com
lapp511.roblox.com
lapp516.ra.roblox.com
lapp531.roblox.com
lapp564.ra.roblox.com
lapp595.roblox.com
lapp605.ra.roblox.com
lapp614.roblox.com
lapp618.ra.roblox.com
lapp627.roblox.com
lapp63.roblox.com
lapp639.ra.roblox.com
lapp639.roblox.com
lapp69.roblox.com
lapp697.ra.roblox.com
lapp72.chi1.roblox.com
lapp721.ra.roblox.com
lapp748.ra.roblox.com
lapp764.ra.roblox.com
lapp768.ra.roblox.com
lapp794.roblox.com
lapp809.ra.roblox.com
lapp814.ra.roblox.com
lapp91.rp.roblox.com
lapp96.roblox.com
lapp99.chi1.roblox.com
lax1-128-116-116-4.roblox.com
lax2-128-116-116-3.roblox.com
lax4-128-116-63-3.roblox.com
lb5.rp.roblox.com
ldb10.roblox.com
ldb21.roblox.com
ldb26.ra.roblox.com
lga2-128-116-32-3.roblox.com
lms.roblox.com
loadbalancer.roblox.com
locale.roblox.com
localizationtables.roblox.com
logs.roblox.com
luau-lang.org
luau.org
luobu-create.sitetest1.roblox.com
luobu-create.sitetest1.robloxlabs.com
luobu.biz
luobu.info
luobu.io
luobu.org
lutil10.chi1.roblox.com
lutil12.rp.roblox.com
lutil13.ra.roblox.com
lutil14.roblox.com
lutil15.chi1.roblox.com
lutil28.chi1.roblox.com
lutil61.ra.roblox.com
lweb10.ra.roblox.com
lweb11.ra.roblox.com
lweb6.ra.roblox.com
mail.roblox.com
maintenance-gold-99.roblox.com
maintenance.roblox.com
manage.roblox.com
matchmaking.roblox.com
media.rbxcdn.com
metrics.roblox.com
mia2-128-116-127-3.roblox.com
mia4-128-116-45-3.roblox.com
midas-iap.roblox.com
midas-webpay.roblox.com
midas.roblox.com
migrate-bd2-5.roblox.com
migrate-bd2-75.roblox.com
misc.roblox.com
mobileclient.roblox.com
multiplayer.roblox.com
music.roblox.com
music.sitetest1.robloxlabs.com
music.sitetest3.robloxlabs.com
na.rp.roblox.com
ncs.roblox.com
ne1.roblox.com
news.roblox.com
nl.roblox.com
notifications.roblox.com
notify.roblox.com
nrt-gw.vpn.cn.roblox.com
nrt1-128-116-120-3.roblox.com
nrt2-128-116-120-3.roblox.com
o1.email.roblox.com
o3.email.roblox.com
o4.email.marketing.roblox.com
o5.em8221.devforum.roblox.com
o6.systemevents.roblox.com
on.roblox.com
opt-out.roblox.com
org.api.roblox.com
origin.corp.roblox.com
ownership.api.roblox.com
p1.roblox.com
p4d.roblox.com
page-rp.roblox.com
pantheon-ra.roblox.com
partners.extranet.rp.roblox.com
partners.roblox.com
pay.roblox.com
pay.sitetest1.robloxlabs.com
pay.sitetest3.robloxlabs.com
placefiles.tempstore.roblox.com
platform.at.robloxlabs.com
playtime.roblox.com
podkop.net
policies.rbxcdn.com
polls.roblox.com
portal.roblox.com
premiumfeatures.roblox.com
preprod.roblox.com
presence.roblox.com
privatemessages.roblox.com
privrp.roblox.com
prod.docsiteassets.roblox.com
profilesrp.roblox.com
promotions.roblox.com
pt.roblox.com
publish.roblox.com
pulsar.roblox.com
ra-fw11.roblox.com
rblx.co
rblx.com
rblx.org
rblxcdn.roblox.com
rbx-stage.com
rbx.cn
rbx.com
rbx.dev
rbx4134.roblox.com
rbx4153.roblox.com
rbx4164.roblox.com
rbx4189.roblox.com
rbx4206.roblox.com
rbxassetid.roblox.com
rbxcdn-cn.com
rbxcdn.com
rbxcdn.net
rbxes.com
rbxinfra.com
rbxinfra.net
rbxlabs.com
rbxtrk.com
rcs.roblox.com
realtime-signalr.roblox.com
realtime.roblox.com
realtime2.roblox.com
reports.roblox.com
research.roblox.com
researchpanel.roblox.com
reset.roblox.com
restricted-ra.roblox.com
restricted.roblox.com
reviews-ra.roblox.com
rewarded-video.roblox.com
rewarded-video.sitetest1.robloxlabs.com
rewarded-video.sitetest3.robloxlabs.com
rightsportal.roblox.com
rightsportal.sitetest1.robloxlabs.com
rightsportal.sitetest3.robloxlabs.com
rjobs.roblox.com
rlb-edge.roblox.com
rlb.roblox.com
ro-blox.com
roadblocks.com
roblocks.com
roblox-api.arkoselabs.co
roblox-load-generator-configuration.s3.us-east-2.amazonaws.com
roblox-media.roblox.com
roblox-poc.global.ssl.fastly.net
roblox.app
roblox.ca
roblox.cc
roblox.cl
roblox.co.jp
roblox.co.uk
roblox.com
roblox.de
roblox.dev
roblox.dk
roblox.eu
roblox.fr
roblox.hu
roblox.in
roblox.it
roblox.jp
roblox.kr
roblox.lat
roblox.mx
roblox.net
roblox.org
roblox.ph
roblox.pt
roblox.sk
roblox.tv
roblox.uk
roblox.us
roblox.vn
robloxads.com
robloxcdn.com
robloxcorp.com
robloxcorp.s.llnwi.net
robloxcorporation.com
robloxdev.com
robloxengine.com
robloxgame.com
robloxlabs.cn
robloxlabs.com
robloxmail.com
robloxmedia.com
robloxrcs.com
robloxtechtalks.com
robloxtoy.com
robloxuniverse.com
robux.com
rot.roblox.com
rowblocks.com
rowblox.com
ru.rp.roblox.com
s-ra.roblox.com
safety.roblox.com
sales.roblox.com
sc0.rbxcdn.com
sc1.rbxcdn.com
sc2.rbxcdn.com
sc3.rbxcdn.com
sc4.rbxcdn.com
sc5.rbxcdn.com
sc6.rbxcdn.com
sc7.rbxcdn.com
sea1-128-116-115-3.roblox.com
sea1-128-116-99-3.roblox.com
search-comparison.roblox.com
serverra.roblox.com
services.gametest.roblox.com
services.roblox.com
setup.gametest6.roblox.com
setup.rbxcdn.com
setup.roblox.com
sg.roblox.com
shop.roblox.com
shop.sitetest1.robloxlabs.com
shop.sitetest3.robloxlabs.com
silver.roblox.com
sin2-128-116-97-3.roblox.com
sin4-128-116-50-3.roblox.com
sitetest.roblox.com
sitetest1.roblox.com
sitetest1.robloxlabs.com
sitetest2.roblox.com
sitetest2.robloxlabs.com
sitetest3.roblox.com
sitetest3.robloxlabs.com
sitetest4.roblox.com
sitetest4.robloxlabs.com
smtp.roblox.com
snc1.statping.aws.robloxlabs.com
social.roblox.com
socialauth.roblox.com
springra.roblox.com
staff-rp.roblox.com
stagera.roblox.com
staging.api.roblox.com
static.rbxcdn.com
status.roblox.com
stg.roblox.com
support-rp.roblox.com
support.at.robloxlabs.com
survey.roblox.com
swaggerra.roblox.com
syd1-128-116-51-3.roblox.com
symbolstore.roblox.com
systemrp.roblox.com
t.email.roblox.com
t0.rbxcdn.com
t0ak.roblox.com
t1.rbxcdn.com
t1ak.roblox.com
t2.rbxcdn.com
t2ak.roblox.com
t3.rbxcdn.com
t3.roblox.com
t3ak.roblox.com
t4.rbxcdn.com
t4ak.roblox.com
t4ns1.rbxcdn.com
t5.rbxcdn.com
t5ak.roblox.com
t6.rbxcdn.com
t6ak.roblox.com
t7.rbxcdn.com
t7ak.roblox.com
talent.roblox.com
talent.sitetest1.robloxlabs.com
talenthub.roblox.com
techblog.roblox.com
test.public.ecs.roblox.com
test.roblox.com
tester.roblox.com
tfs.roblox.com
themes.api.roblox.com
thumbnail.rbxcdn.com
thumbnails.roblox.com
titanium-aws.roblox.com
titanium.roblox.com
tomcat.roblox.com
tr.rbxcdn.com
trades.roblox.com
trading.roblox.com
training-ra.roblox.com
trust-safety.roblox.com
trust.roblox.com
tryroblox.com
turkey-rp.roblox.com
uat-ra.roblox.com
uiblox.roblox.com
uiblox.sitetest1.robloxlabs.com
uk.roblox.com
upload.crashes.roblox.com
us-central-bd1.roblox.com
us-central-default-px.roblox.com
us-central-origin-px.roblox.com
us-central-rlb-bd2-30.roblox.com
us-central-rlb.roblox.com
us-east-bd1.roblox.com
us-east-rlb.roblox.com
usermoderation.roblox.com
users.roblox.com
util1.sm.roblox.com
util11.ra.roblox.com
util110.ra.roblox.com
util120.roblox.com
util146.roblox.com
util160.ra.roblox.com
util168.ra.roblox.com
util198webadmin.ra.roblox.com
util200.ra.roblox.com
util206.roblox.com
util29.ra.roblox.com
util35.rp.roblox.com
util38.sm.roblox.com
util4.ra.roblox.com
util4.roblox.com
util46.roblox.com
util48.ra.roblox.com
util57.ra.roblox.com
util7.rp.roblox.com
util8.chi1.roblox.com
util93.roblox.com
util97.roblox.com
vdc.ra.roblox.com
verify.at.robloxlabs.com
versioncompatibility.api.roblox.com
voice.roblox.com
vpn.chi1.roblox.com
vpn.cn.roblox.com
vpn.roblox.com
vpn2.roblox.com
vps-cb5e82f2.ash1-xboxlive.api.roblox.com
vvwv.roblox.com
vvww.roblox.com
vx102.ra.roblox.com
vx11.ra.roblox.com
vx120.roblox.com
vx127.chi1.roblox.com
vx21.rp.roblox.com
vx32.chi1.roblox.com
vx33.roblox.com
vx36.ra.roblox.com
vx40.roblox.com
vx41.chi1.roblox.com
vx43.rp.roblox.com
vx47.chi1.roblox.com
vx49.ra.roblox.com
vx6.sm.roblox.com
vx66.roblox.com
vx69.ra.roblox.com
vx74.ra.roblox.com
vx84.ra.roblox.com
vx9.roblox.com
vx97.roblox.com
w.roblox.com
warehouse.at.robloxlabs.com
web1.sm.roblox.com
web10.chi1.roblox.com
web1015.rp.roblox.com
web102.chi1.roblox.com
web102.p1t.roblox.com
web102.roblox.com
web1020.roblox.com
web104.p1t.roblox.com
web1063.chi1.roblox.com
web1073.chi1.roblox.com
web1078.rp.roblox.com
web108.p1t.roblox.com
web1084.rp.roblox.com
web110.p1t.roblox.com
web1109.rp.roblox.com
web1111.chi1.roblox.com
web112.chi1.roblox.com
web1123.rp.roblox.com
web113.p1t.roblox.com
web1130.chi1.roblox.com
web1136.roblox.com
web1141.chi1.roblox.com
web1149.rp.roblox.com
web115.roblox.com
web1153.chi1.roblox.com
web1154.roblox.com
web1175.chi1.roblox.com
web1179.chi1.roblox.com
web118.roblox.com
web1186.rp.roblox.com
web119.p1t.roblox.com
web1196.roblox.com
web120.p1t.roblox.com
web1206.rp.roblox.com
web1217.rp.roblox.com
web1220.chi1.roblox.com
web1223.roblox.com
web1233.chi1.roblox.com
web125.p1t.roblox.com
web1251.roblox.com
web1251.rp.roblox.com
web1254.roblox.com
web1256.chi1.roblox.com
web1264.roblox.com
web127.chi1.roblox.com
web1270.rp.roblox.com
web1275.roblox.com
web128.roblox.com
web1280.roblox.com
web1281.awa.roblox.com
web1283.roblox.com
web1298.roblox.com
web1300.roblox.com
web1306.rp.roblox.com
web1307.rp.roblox.com
web1313.roblox.com
web1327.roblox.com
web1329.rp.roblox.com
web133.chi1.roblox.com
web1330.roblox.com
web1332.chi1.roblox.com
web1345.rp.roblox.com
web1365.roblox.com
web1377.roblox.com
web1390.roblox.com
web1399.chi1.roblox.com
web142.chi1.roblox.com
web1430.chi1.roblox.com
web1457.chi1.roblox.com
web146.chi1.roblox.com
web1460.chi1.roblox.com
web1465.chi1.roblox.com
web1467.roblox.com
web1473.roblox.com
web1478.chi1.roblox.com
web1483.chi1.roblox.com
web15.roblox.com
web1505.chi1.roblox.com
web1513.chi1.roblox.com
web1518.chi1.roblox.com
web1525.chi1.roblox.com
web1535.roblox.com
web1537.chi1.roblox.com
web1538.roblox.com
web1541.chi1.roblox.com
web1550.chi1.roblox.com
web1563.chi1.roblox.com
web157.roblox.com
web1573.chi1.roblox.com
web1577.chi1.roblox.com
web1579.chi1.roblox.com
web1581.roblox.com
web1582.chi1.roblox.com
web1600.chi1.roblox.com
web1615.chi1.roblox.com
web163.chi1.roblox.com
web1635.chi1.roblox.com
web1667.chi1.roblox.com
web1674.roblox.com
web17.sm.roblox.com
web1752.chi1.roblox.com
web179.rp.roblox.com
web1906.roblox.com
web1941.rp.roblox.com
web1951.rp.roblox.com
web197.rp.roblox.com
web1984.rp.roblox.com
web1992.rp.roblox.com
web1996.rp.roblox.com
web2.roblox.com
web2.sm.roblox.com
web2020.rp.roblox.com
web204.ra.roblox.com
web206.ra.roblox.com
web208.ra.roblox.com
web208.rp.roblox.com
web209.chi1.roblox.com
web209.ra.roblox.com
web210.rp.roblox.com
web211.ra.roblox.com
web213.ra.roblox.com
web214.rp.roblox.com
web218.roblox.com
web220.ra.roblox.com
web224.ra.roblox.com
web228.ra.roblox.com
web235.rp.roblox.com
web24.chi1.roblox.com
web242.ra.roblox.com
web247.ra.roblox.com
web248.roblox.com
web250.chi1.roblox.com
web254.ra.roblox.com
web26.chi1.roblox.com
web269.roblox.com
web278.ra.roblox.com
web282.rp.roblox.com
web285.rp.roblox.com
web288.ra.roblox.com
web3.chi1.roblox.com
web308.ra.roblox.com
web319.roblox.com
web320.chi1.roblox.com
web322.chi1.roblox.com
web332.ra.roblox.com
web344.roblox.com
web345.chi1.roblox.com
web346.rp.roblox.com
web350.chi1.roblox.com
web354.rp.roblox.com
web355.chi1.roblox.com
web356.chi1.roblox.com
web358.rp.roblox.com
web360.roblox.com
web367.roblox.com
web371.roblox.com
web380.roblox.com
web393.roblox.com
web4.chi1.roblox.com
web404.snc2.roblox.com
web414.roblox.com
web418.chi1.roblox.com
web425.rp.roblox.com
web427.roblox.com
web443.chi1.roblox.com
web451.rp.roblox.com
web464.rp.roblox.com
web480.rp.roblox.com
web483.roblox.com
web490.rp.roblox.com
web491.roblox.com
web493.chi1.roblox.com
web493.roblox.com
web501.roblox.com
web505.rp.roblox.com
web507.roblox.com
web517.chi1.roblox.com
web520.chi1.roblox.com
web550.chi1.roblox.com
web567.chi1.roblox.com
web57.roblox.com
web581.chi1.roblox.com
web6.roblox.com
web601.chi1.roblox.com
web618.rp.roblox.com
web637.roblox.com
web657.chi1.roblox.com
web670.rp.roblox.com
web680.rp.roblox.com
web695.chi1.roblox.com
web702.roblox.com
web703.roblox.com
web714.chi1.roblox.com
web717.chi1.roblox.com
web747.rp.roblox.com
web75.roblox.com
web75.rp.roblox.com
web754.roblox.com
web768.chi1.roblox.com
web82.chi1.roblox.com
web820.rp.roblox.com
web832.rp.roblox.com
web841.rp.roblox.com
web844.roblox.com
web846.chi1.roblox.com
web860.chi1.roblox.com
web873.rp.roblox.com
web880.chi1.roblox.com
web884.chi1.roblox.com
web886.chi1.roblox.com
web891.rp.roblox.com
web90.chi1.roblox.com
web90.roblox.com
web908.rp.roblox.com
web913.rp.roblox.com
web919.chi1.roblox.com
web92.chi1.roblox.com
web93.rp.roblox.com
web940.chi1.roblox.com
web961.rp.roblox.com
web964.rp.roblox.com
web973.rp.roblox.com
web980.rp.roblox.com
web985.rp.roblox.com
web989.roblox.com
web993.roblox.com
webblox.roblox.com
welcome.at.robloxlabs.com
wiki.roblox.com
wow.roblox.com
wss.ra.roblox.com
wwg.roblox.com
wwsw.roblox.com
www.careers.roblox.com
www.confluence.roblox.com
www.corp.roblox.com
www.developer.roblox.com
www.devforum.roblox.com
www.en.help.roblox.com
www.events.roblox.com
www.games.api.roblox.com
www.gametest1.robloxlabs.com
www.gametest2.robloxlabs.com
www.gametest3.robloxlabs.com
www.gametest4.robloxlabs.com
www.gametest5.robloxlabs.com
www.gametest6.roblox.com
www.help.roblox.com
www.jira.roblox.com
www.roblox.com
www.sitetest1.robloxlabs.com
www.sitetest2.robloxlabs.com
www.sitetest3.robloxlabs.com
www.survey.roblox.com
www.tfs.roblox.com
www.vpn.cn.roblox.com
www.vpn.roblox.com
www.wiki.roblox.com
xn--www-rp0a.roblox.com
xww.roblox.com
yk-test.roblox.com
youmakethegame.com
youmakethegames.com
z-rp.roblox.com
zh.help.roblox.com
